<?xml version="1.0" encoding="UTF-8"?>
<!-- Generated by org.testng.reporters.JUnitXMLReporter -->
<testsuite hostname="imac.local" ignored="0" name="Default test" tests="37" failures="0" timestamp="12 Nov 2018 12:22:58 GMT" time="2.939" errors="0">
  <testcase name="@BeforeClass setUp" time="2.862" classname="com.TestCases.E2MAppTestCases">
    <failure type="org.openqa.selenium.WebDriverException" message="Connection refused (Connection refused)
Build info: version: &amp;apos;3.14.0&amp;apos;, revision: &amp;apos;aacccce0&amp;apos;, time: &amp;apos;2018-08-02T20:13:22.693Z&amp;apos;
System info: host: &amp;apos;imac.local&amp;apos;, ip: &amp;apos;fe80:0:0:0:1080:cf50:5580:ffca%en0&amp;apos;, os.name: &amp;apos;Mac OS X&amp;apos;, os.arch: &amp;apos;x86_64&amp;apos;, os.version: &amp;apos;10.13.6&amp;apos;, java.version: &amp;apos;1.8.0_131&amp;apos;
Driver info: driver.version: AndroidDriver">
      <![CDATA[org.openqa.selenium.WebDriverException: Connection refused (Connection refused)
Build info: version: '3.14.0', revision: 'aacccce0', time: '2018-08-02T20:13:22.693Z'
System info: host: 'imac.local', ip: 'fe80:0:0:0:1080:cf50:5580:ffca%en0', os.name: 'Mac OS X', os.arch: 'x86_64', os.version: '10.13.6', java.version: '1.8.0_131'
Driver info: driver.version: AndroidDriver
at io.appium.java_client.remote.AppiumCommandExecutor.lambda$2(AppiumCommandExecutor.java:243)
at java.util.Optional.orElseGet(Optional.java:267)
at io.appium.java_client.remote.AppiumCommandExecutor.execute(AppiumCommandExecutor.java:242)
at org.openqa.selenium.remote.RemoteWebDriver.execute(RemoteWebDriver.java:548)
at io.appium.java_client.DefaultGenericMobileDriver.execute(DefaultGenericMobileDriver.java:42)
at io.appium.java_client.AppiumDriver.execute(AppiumDriver.java:1)
at io.appium.java_client.android.AndroidDriver.execute(AndroidDriver.java:1)
at org.openqa.selenium.remote.RemoteWebDriver.startSession(RemoteWebDriver.java:212)
at org.openqa.selenium.remote.RemoteWebDriver.<init>(RemoteWebDriver.java:130)
at io.appium.java_client.DefaultGenericMobileDriver.<init>(DefaultGenericMobileDriver.java:38)
at io.appium.java_client.AppiumDriver.<init>(AppiumDriver.java:84)
at io.appium.java_client.AppiumDriver.<init>(AppiumDriver.java:94)
at io.appium.java_client.android.AndroidDriver.<init>(AndroidDriver.java:93)
at com.Utils.AndroidSetUp.prepareAndStartAppium(AndroidSetUp.java:78)
at com.TestCases.E2MAppTestCases.setUp(E2MAppTestCases.java:45)
at sun.reflect.NativeMethodAccessorImpl.invoke0(Native Method)
at sun.reflect.NativeMethodAccessorImpl.invoke(NativeMethodAccessorImpl.java:62)
at sun.reflect.DelegatingMethodAccessorImpl.invoke(DelegatingMethodAccessorImpl.java:43)
at java.lang.reflect.Method.invoke(Method.java:498)
at org.testng.internal.MethodInvocationHelper.invokeMethod(MethodInvocationHelper.java:124)
at org.testng.internal.MethodInvocationHelper.invokeMethodConsideringTimeout(MethodInvocationHelper.java:59)
at org.testng.internal.Invoker.invokeConfigurationMethod(Invoker.java:455)
at org.testng.internal.Invoker.invokeConfigurations(Invoker.java:222)
at org.testng.internal.Invoker.invokeConfigurations(Invoker.java:142)
at org.testng.internal.TestMethodWorker.invokeBeforeClassMethods(TestMethodWorker.java:168)
at org.testng.internal.TestMethodWorker.run(TestMethodWorker.java:105)
at org.testng.TestRunner.privateRun(TestRunner.java:648)
at org.testng.TestRunner.run(TestRunner.java:505)
at org.testng.SuiteRunner.runTest(SuiteRunner.java:455)
at org.testng.SuiteRunner.runSequentially(SuiteRunner.java:450)
at org.testng.SuiteRunner.privateRun(SuiteRunner.java:415)
at org.testng.SuiteRunner.run(SuiteRunner.java:364)
at org.testng.SuiteRunnerWorker.runSuite(SuiteRunnerWorker.java:52)
at org.testng.SuiteRunnerWorker.run(SuiteRunnerWorker.java:84)
at org.testng.TestNG.runSuitesSequentially(TestNG.java:1208)
at org.testng.TestNG.runSuitesLocally(TestNG.java:1137)
at org.testng.TestNG.runSuites(TestNG.java:1049)
at org.testng.TestNG.run(TestNG.java:1017)
at org.testng.remote.AbstractRemoteTestNG.run(AbstractRemoteTestNG.java:114)
at org.testng.remote.RemoteTestNG.initAndRun(RemoteTestNG.java:251)
at org.testng.remote.RemoteTestNG.main(RemoteTestNG.java:77)
Caused by: java.net.ConnectException: Connection refused (Connection refused)
at java.net.PlainSocketImpl.socketConnect(Native Method)
at java.net.AbstractPlainSocketImpl.doConnect(AbstractPlainSocketImpl.java:350)
at java.net.AbstractPlainSocketImpl.connectToAddress(AbstractPlainSocketImpl.java:206)
at java.net.AbstractPlainSocketImpl.connect(AbstractPlainSocketImpl.java:188)
at java.net.SocksSocketImpl.connect(SocksSocketImpl.java:392)
at java.net.Socket.connect(Socket.java:589)
at okhttp3.internal.platform.Platform.connectSocket(Platform.java:129)
at okhttp3.internal.connection.RealConnection.connectSocket(RealConnection.java:240)
at okhttp3.internal.connection.RealConnection.connect(RealConnection.java:160)
at okhttp3.internal.connection.StreamAllocation.findConnection(StreamAllocation.java:257)
at okhttp3.internal.connection.StreamAllocation.findHealthyConnection(StreamAllocation.java:135)
at okhttp3.internal.connection.StreamAllocation.newStream(StreamAllocation.java:114)
at okhttp3.internal.connection.ConnectInterceptor.intercept(ConnectInterceptor.java:42)
at okhttp3.internal.http.RealInterceptorChain.proceed(RealInterceptorChain.java:147)
at okhttp3.internal.http.RealInterceptorChain.proceed(RealInterceptorChain.java:121)
at okhttp3.internal.cache.CacheInterceptor.intercept(CacheInterceptor.java:93)
at okhttp3.internal.http.RealInterceptorChain.proceed(RealInterceptorChain.java:147)
at okhttp3.internal.http.RealInterceptorChain.proceed(RealInterceptorChain.java:121)
at okhttp3.internal.http.BridgeInterceptor.intercept(BridgeInterceptor.java:93)
at okhttp3.internal.http.RealInterceptorChain.proceed(RealInterceptorChain.java:147)
at okhttp3.internal.http.RetryAndFollowUpInterceptor.intercept(RetryAndFollowUpInterceptor.java:126)
at okhttp3.internal.http.RealInterceptorChain.proceed(RealInterceptorChain.java:147)
at okhttp3.internal.http.RealInterceptorChain.proceed(RealInterceptorChain.java:121)
at okhttp3.RealCall.getResponseWithInterceptorChain(RealCall.java:200)
at okhttp3.RealCall.execute(RealCall.java:77)
at org.openqa.selenium.remote.internal.OkHttpClient.execute(OkHttpClient.java:105)
at org.openqa.selenium.remote.ProtocolHandshake.createSession(ProtocolHandshake.java:101)
at sun.reflect.NativeMethodAccessorImpl.invoke0(Native Method)
at sun.reflect.NativeMethodAccessorImpl.invoke(NativeMethodAccessorImpl.java:62)
at sun.reflect.DelegatingMethodAccessorImpl.invoke(DelegatingMethodAccessorImpl.java:43)
at java.lang.reflect.Method.invoke(Method.java:498)
at io.appium.java_client.remote.AppiumCommandExecutor$1.createSession(AppiumCommandExecutor.java:185)
at io.appium.java_client.remote.AppiumCommandExecutor.createSession(AppiumCommandExecutor.java:209)
at io.appium.java_client.remote.AppiumCommandExecutor.execute(AppiumCommandExecutor.java:231)
... 38 more
]]>
    </failure>
  </testcase> <!-- @BeforeClass setUp -->
  <testcase name="@AfterClass tearDown" time="0.0" classname="com.TestCases.E2MAppTestCases">
    <skipped/>
  </testcase> <!-- @AfterClass tearDown -->
  <testcase name="uninstallAppTest" time="0.0" classname="com.TestCases.E2MAppTestCases">
    <skipped/>
  </testcase> <!-- uninstallAppTest -->
  <testcase name="installAppTest" time="0.0" classname="com.TestCases.E2MAppTestCases">
    <skipped/>
  </testcase> <!-- installAppTest -->
  <testcase name="loginToAccountTest" time="0.0" classname="com.TestCases.E2MAppTestCases">
    <skipped/>
  </testcase> <!-- loginToAccountTest -->
  <testcase name="homePageVerifyTest" time="0.0" classname="com.TestCases.E2MAppTestCases">
    <skipped/>
  </testcase> <!-- homePageVerifyTest -->
  <testcase name="scheduleTimeTest" time="0.0" classname="com.TestCases.E2MAppTestCases">
    <skipped/>
  </testcase> <!-- scheduleTimeTest -->
  <testcase name="scheduleTracksLiveTest" time="0.0" classname="com.TestCases.E2MAppTestCases">
    <skipped/>
  </testcase> <!-- scheduleTracksLiveTest -->
  <testcase name="scheduleTracksPlatformsTest" time="0.0" classname="com.TestCases.E2MAppTestCases">
    <skipped/>
  </testcase> <!-- scheduleTracksPlatformsTest -->
  <testcase name="scheduleMyAgendaTabTest" time="0.0" classname="com.TestCases.E2MAppTestCases">
    <skipped/>
  </testcase> <!-- scheduleMyAgendaTabTest -->
  <testcase name="speakerDetailsTest" time="0.0" classname="com.TestCases.E2MAppTestCases">
    <skipped/>
  </testcase> <!-- speakerDetailsTest -->
  <testcase name="exhibitorNameTest" time="0.0" classname="com.TestCases.E2MAppTestCases">
    <skipped/>
  </testcase> <!-- exhibitorNameTest -->
  <testcase name="exhibitorTypeTest" time="0.0" classname="com.TestCases.E2MAppTestCases">
    <skipped/>
  </testcase> <!-- exhibitorTypeTest -->
  <testcase name="sponsorsNameTest" time="0.0" classname="com.TestCases.E2MAppTestCases">
    <skipped/>
  </testcase> <!-- sponsorsNameTest -->
  <testcase name="sponsorsTypeTest" time="0.0" classname="com.TestCases.E2MAppTestCases">
    <skipped/>
  </testcase> <!-- sponsorsTypeTest -->
  <testcase name="dropdownPollsTest" time="0.0" classname="com.TestCases.E2MAppTestCases">
    <skipped/>
  </testcase> <!-- dropdownPollsTest -->
  <testcase name="freeTextPollsTest" time="0.0" classname="com.TestCases.E2MAppTestCases">
    <skipped/>
  </testcase> <!-- freeTextPollsTest -->
  <testcase name="multiplePollsTest" time="0.0" classname="com.TestCases.E2MAppTestCases">
    <skipped/>
  </testcase> <!-- multiplePollsTest -->
  <testcase name="singlePollsTest" time="0.0" classname="com.TestCases.E2MAppTestCases">
    <skipped/>
  </testcase> <!-- singlePollsTest -->
  <testcase name="attendeeDetailsTest" time="0.0" classname="com.TestCases.E2MAppTestCases">
    <skipped/>
  </testcase> <!-- attendeeDetailsTest -->
  <testcase name="socialWallTest" time="0.0" classname="com.TestCases.E2MAppTestCases">
    <skipped/>
  </testcase> <!-- socialWallTest -->
  <testcase name="oneToOneMsgTest" time="0.0" classname="com.TestCases.E2MAppTestCases">
    <skipped/>
  </testcase> <!-- oneToOneMsgTest -->
  <testcase name="photoWallTest" time="0.0" classname="com.TestCases.E2MAppTestCases">
    <skipped/>
  </testcase> <!-- photoWallTest -->
  <testcase name="videoRecordUploadTest" time="0.0" classname="com.TestCases.E2MAppTestCases">
    <skipped/>
  </testcase> <!-- videoRecordUploadTest -->
  <testcase name="videoExistUploadTest" time="0.0" classname="com.TestCases.E2MAppTestCases">
    <skipped/>
  </testcase> <!-- videoExistUploadTest -->
  <testcase name="leaderBoardDetailsTest" time="0.0" classname="com.TestCases.E2MAppTestCases">
    <skipped/>
  </testcase> <!-- leaderBoardDetailsTest -->
  <testcase name="eventQATest" time="0.0" classname="com.TestCases.E2MAppTestCases">
    <skipped/>
  </testcase> <!-- eventQATest -->
  <testcase name="bookmarksTest" time="0.0" classname="com.TestCases.E2MAppTestCases">
    <skipped/>
  </testcase> <!-- bookmarksTest -->
  <testcase name="addNoteTest" time="0.0" classname="com.TestCases.E2MAppTestCases">
    <skipped/>
  </testcase> <!-- addNoteTest -->
  <testcase name="updateMyProfileTest" time="0.0" classname="com.TestCases.E2MAppTestCases">
    <skipped/>
  </testcase> <!-- updateMyProfileTest -->
  <testcase name="logoutTest" time="0.0" classname="com.TestCases.E2MAppTestCases">
    <skipped/>
  </testcase> <!-- logoutTest -->
  <testcase name="resourcesDataTest" time="0.0" classname="com.TestCases.E2MAppTestCases">
    <skipped/>
  </testcase> <!-- resourcesDataTest -->
  <testcase name="locationAndTimingTest" time="0.0" classname="com.TestCases.E2MAppTestCases">
    <skipped/>
  </testcase> <!-- locationAndTimingTest -->
  <testcase name="useFulInfoTest" time="0.0" classname="com.TestCases.E2MAppTestCases">
    <skipped/>
  </testcase> <!-- useFulInfoTest -->
  <testcase name="floorMapDetailsTest" time="0.0" classname="com.TestCases.E2MAppTestCases">
    <skipped/>
  </testcase> <!-- floorMapDetailsTest -->
  <testcase name="wayFinderTest" time="0.0" classname="com.TestCases.E2MAppTestCases">
    <skipped/>
  </testcase> <!-- wayFinderTest -->
  <testcase name="refreshDataTest" time="0.0" classname="com.TestCases.E2MAppTestCases">
    <skipped/>
  </testcase> <!-- refreshDataTest -->
  <testcase name="aboutAppTest" time="0.0" classname="com.TestCases.E2MAppTestCases">
    <skipped/>
  </testcase> <!-- aboutAppTest -->
  <testcase name="homeTest" time="0.0" classname="com.TestCases.E2MAppTestCases">
    <skipped/>
  </testcase> <!-- homeTest -->
</testsuite> <!-- Default test -->
