<?xml version="1.0" encoding="UTF-8"?>
<!-- Generated by org.testng.reporters.JUnitXMLReporter -->
<testsuite hostname="imac.local" ignored="0" name="Test" tests="37" failures="0" timestamp="05 Nov 2018 12:39:56 GMT" time="1.922" errors="0">
  <testcase name="@BeforeClass setUp" time="1.753" classname="com.TestCases.E2MAppTestCases">
    <failure type="org.openqa.selenium.WebDriverException" message="It is impossible to create a new session because &amp;apos;createSession&amp;apos; which takes HttpClient, InputStream and long was not found or it is not accessible
Build info: version: &amp;apos;3.14.0&amp;apos;, revision: &amp;apos;aacccce0&amp;apos;, time: &amp;apos;2018-08-02T20:13:22.693Z&amp;apos;
System info: host: &amp;apos;imac.local&amp;apos;, ip: &amp;apos;fe80:0:0:0:1080:cf50:5580:ffca%en0&amp;apos;, os.name: &amp;apos;Mac OS X&amp;apos;, os.arch: &amp;apos;x86_64&amp;apos;, os.version: &amp;apos;10.13.6&amp;apos;, java.version: &amp;apos;1.8.0_131&amp;apos;
Driver info: driver.version: AndroidDriver">
      <![CDATA[org.openqa.selenium.WebDriverException: It is impossible to create a new session because 'createSession' which takes HttpClient, InputStream and long was not found or it is not accessible
Build info: version: '3.14.0', revision: 'aacccce0', time: '2018-08-02T20:13:22.693Z'
System info: host: 'imac.local', ip: 'fe80:0:0:0:1080:cf50:5580:ffca%en0', os.name: 'Mac OS X', os.arch: 'x86_64', os.version: '10.13.6', java.version: '1.8.0_131'
Driver info: driver.version: AndroidDriver
at io.appium.java_client.remote.AppiumCommandExecutor$1.createSession(AppiumCommandExecutor.java:195)
at io.appium.java_client.remote.AppiumCommandExecutor.createSession(AppiumCommandExecutor.java:209)
at io.appium.java_client.remote.AppiumCommandExecutor.execute(AppiumCommandExecutor.java:231)
at org.openqa.selenium.remote.RemoteWebDriver.execute(RemoteWebDriver.java:548)
at io.appium.java_client.DefaultGenericMobileDriver.execute(DefaultGenericMobileDriver.java:42)
at io.appium.java_client.AppiumDriver.execute(AppiumDriver.java:1)
at io.appium.java_client.android.AndroidDriver.execute(AndroidDriver.java:1)
at org.openqa.selenium.remote.RemoteWebDriver.startSession(RemoteWebDriver.java:212)
at org.openqa.selenium.remote.RemoteWebDriver.<init>(RemoteWebDriver.java:130)
at io.appium.java_client.DefaultGenericMobileDriver.<init>(DefaultGenericMobileDriver.java:38)
at io.appium.java_client.AppiumDriver.<init>(AppiumDriver.java:84)
at io.appium.java_client.AppiumDriver.<init>(AppiumDriver.java:94)
at io.appium.java_client.android.AndroidDriver.<init>(AndroidDriver.java:93)
at com.Utils.AndroidSetUp.prepareAndStartAppium(AndroidSetUp.java:78)
at com.TestCases.E2MAppTestCases.setUp(E2MAppTestCases.java:45)
at io.appium.java_client.remote.AppiumCommandExecutor$1.createSession(AppiumCommandExecutor.java:185)
... 40 more
Caused by: org.openqa.selenium.WebDriverException: An unknown server-side error occurred while processing the command. Original error: Could not find adb in /Users/sandipan/android-sdks/platform-tools/platform-tools/adb,/Users/sandipan/android-sdks/platform-tools/emulator/adb,/Users/sandipan/android-sdks/platform-tools/tools/adb,/Users/sandipan/android-sdks/platform-tools/tools/bin/adb. Do you have the Android SDK installed at '/Users/sandipan/android-sdks/platform-tools'?
Build info: version: '3.14.0', revision: 'aacccce0', time: '2018-08-02T20:13:22.693Z'
System info: host: 'imac.local', ip: 'fe80:0:0:0:1080:cf50:5580:ffca%en0', os.name: 'Mac OS X', os.arch: 'x86_64', os.version: '10.13.6', java.version: '1.8.0_131'
Driver info: driver.version: AndroidDriver
remote stacktrace: UnknownError: An unknown server-side error occurred while processing the command. Original error: Could not find adb in /Users/sandipan/android-sdks/platform-tools/platform-tools/adb,/Users/sandipan/android-sdks/platform-tools/emulator/adb,/Users/sandipan/android-sdks/platform-tools/tools/adb,/Users/sandipan/android-sdks/platform-tools/tools/bin/adb. Do you have the Android SDK installed at '/Users/sandipan/android-sdks/platform-tools'?
    at getResponseForW3CError (/Applications/Appium.app/Contents/Resources/app/node_modules/appium/node_modules/appium-base-driver/lib/protocol/errors.js:826:9)
    at asyncHandler$ (/Applications/Appium.app/Contents/Resources/app/node_modules/appium/node_modules/appium-base-driver/lib/protocol/protocol.js:404:37)
    at tryCatch (/Applications/Appium.app/Contents/Resources/app/node_modules/appium/node_modules/babel-runtime/regenerator/runtime.js:67:40)
    at GeneratorFunctionPrototype.invoke [as _invoke] (/Applications/Appium.app/Contents/Resources/app/node_modules/appium/node_modules/babel-runtime/regenerator/runtime.js:315:22)
    at GeneratorFunctionPrototype.prototype.(anonymous function) [as next] (/Applications/Appium.app/Contents/Resources/app/node_modules/appium/node_modules/babel-runtime/regenerator/runtime.js:100:21)
    at GeneratorFunctionPrototype.invoke (/Applications/Appium.app/Contents/Resources/app/node_modules/appium/node_modules/babel-runtime/regenerator/runtime.js:136:37)
    at <anonymous>
at org.openqa.selenium.remote.W3CHandshakeResponse.lambda$new$0(W3CHandshakeResponse.java:57)
at org.openqa.selenium.remote.W3CHandshakeResponse.lambda$getResponseFunction$2(W3CHandshakeResponse.java:104)
at org.openqa.selenium.remote.ProtocolHandshake.lambda$createSession$0(ProtocolHandshake.java:122)
at java.util.stream.ReferencePipeline$3$1.accept(ReferencePipeline.java:193)
at java.util.Spliterators$ArraySpliterator.tryAdvance(Spliterators.java:958)
at java.util.stream.ReferencePipeline.forEachWithCancel(ReferencePipeline.java:126)
at java.util.stream.AbstractPipeline.copyIntoWithCancel(AbstractPipeline.java:498)
at java.util.stream.AbstractPipeline.copyInto(AbstractPipeline.java:485)
at java.util.stream.AbstractPipeline.wrapAndCopyInto(AbstractPipeline.java:471)
at java.util.stream.FindOps$FindOp.evaluateSequential(FindOps.java:152)
at java.util.stream.AbstractPipeline.evaluate(AbstractPipeline.java:234)
at java.util.stream.ReferencePipeline.findFirst(ReferencePipeline.java:464)
at org.openqa.selenium.remote.ProtocolHandshake.createSession(ProtocolHandshake.java:125)
... 45 more
... Removed 35 stack frames]]>
    </failure>
  </testcase> <!-- @BeforeClass setUp -->
  <testcase name="@AfterClass tearDown" time="0.0" classname="com.TestCases.E2MAppTestCases">
    <skipped/>
  </testcase> <!-- @AfterClass tearDown -->
  <testcase name="uninstallAppTest" time="0.0" classname="com.TestCases.E2MAppTestCases">
    <skipped/>
  </testcase> <!-- uninstallAppTest -->
  <testcase name="installAppTest" time="0.0" classname="com.TestCases.E2MAppTestCases">
    <skipped/>
  </testcase> <!-- installAppTest -->
  <testcase name="loginToAccountTest" time="0.0" classname="com.TestCases.E2MAppTestCases">
    <skipped/>
  </testcase> <!-- loginToAccountTest -->
  <testcase name="homePageVerifyTest" time="0.0" classname="com.TestCases.E2MAppTestCases">
    <skipped/>
  </testcase> <!-- homePageVerifyTest -->
  <testcase name="scheduleTimeTest" time="0.0" classname="com.TestCases.E2MAppTestCases">
    <skipped/>
  </testcase> <!-- scheduleTimeTest -->
  <testcase name="scheduleTracksLiveTest" time="0.0" classname="com.TestCases.E2MAppTestCases">
    <skipped/>
  </testcase> <!-- scheduleTracksLiveTest -->
  <testcase name="scheduleTracksPlatformsTest" time="0.0" classname="com.TestCases.E2MAppTestCases">
    <skipped/>
  </testcase> <!-- scheduleTracksPlatformsTest -->
  <testcase name="scheduleMyAgendaTabTest" time="0.0" classname="com.TestCases.E2MAppTestCases">
    <skipped/>
  </testcase> <!-- scheduleMyAgendaTabTest -->
  <testcase name="speakerDetailsTest" time="0.0" classname="com.TestCases.E2MAppTestCases">
    <skipped/>
  </testcase> <!-- speakerDetailsTest -->
  <testcase name="exhibitorNameTest" time="0.0" classname="com.TestCases.E2MAppTestCases">
    <skipped/>
  </testcase> <!-- exhibitorNameTest -->
  <testcase name="exhibitorTypeTest" time="0.0" classname="com.TestCases.E2MAppTestCases">
    <skipped/>
  </testcase> <!-- exhibitorTypeTest -->
  <testcase name="sponsorsNameTest" time="0.0" classname="com.TestCases.E2MAppTestCases">
    <skipped/>
  </testcase> <!-- sponsorsNameTest -->
  <testcase name="sponsorsTypeTest" time="0.0" classname="com.TestCases.E2MAppTestCases">
    <skipped/>
  </testcase> <!-- sponsorsTypeTest -->
  <testcase name="dropdownPollsTest" time="0.0" classname="com.TestCases.E2MAppTestCases">
    <skipped/>
  </testcase> <!-- dropdownPollsTest -->
  <testcase name="freeTextPollsTest" time="0.0" classname="com.TestCases.E2MAppTestCases">
    <skipped/>
  </testcase> <!-- freeTextPollsTest -->
  <testcase name="multiplePollsTest" time="0.0" classname="com.TestCases.E2MAppTestCases">
    <skipped/>
  </testcase> <!-- multiplePollsTest -->
  <testcase name="singlePollsTest" time="0.0" classname="com.TestCases.E2MAppTestCases">
    <skipped/>
  </testcase> <!-- singlePollsTest -->
  <testcase name="attendeeDetailsTest" time="0.0" classname="com.TestCases.E2MAppTestCases">
    <skipped/>
  </testcase> <!-- attendeeDetailsTest -->
  <testcase name="socialWallTest" time="0.0" classname="com.TestCases.E2MAppTestCases">
    <skipped/>
  </testcase> <!-- socialWallTest -->
  <testcase name="oneToOneMsgTest" time="0.0" classname="com.TestCases.E2MAppTestCases">
    <skipped/>
  </testcase> <!-- oneToOneMsgTest -->
  <testcase name="photoWallTest" time="0.0" classname="com.TestCases.E2MAppTestCases">
    <skipped/>
  </testcase> <!-- photoWallTest -->
  <testcase name="videoRecordUploadTest" time="0.0" classname="com.TestCases.E2MAppTestCases">
    <skipped/>
  </testcase> <!-- videoRecordUploadTest -->
  <testcase name="videoExistUploadTest" time="0.0" classname="com.TestCases.E2MAppTestCases">
    <skipped/>
  </testcase> <!-- videoExistUploadTest -->
  <testcase name="leaderBoardDetailsTest" time="0.0" classname="com.TestCases.E2MAppTestCases">
    <skipped/>
  </testcase> <!-- leaderBoardDetailsTest -->
  <testcase name="eventQATest" time="0.0" classname="com.TestCases.E2MAppTestCases">
    <skipped/>
  </testcase> <!-- eventQATest -->
  <testcase name="bookmarksTest" time="0.0" classname="com.TestCases.E2MAppTestCases">
    <skipped/>
  </testcase> <!-- bookmarksTest -->
  <testcase name="addNoteTest" time="0.0" classname="com.TestCases.E2MAppTestCases">
    <skipped/>
  </testcase> <!-- addNoteTest -->
  <testcase name="updateMyProfileTest" time="0.0" classname="com.TestCases.E2MAppTestCases">
    <skipped/>
  </testcase> <!-- updateMyProfileTest -->
  <testcase name="logoutTest" time="0.0" classname="com.TestCases.E2MAppTestCases">
    <skipped/>
  </testcase> <!-- logoutTest -->
  <testcase name="resourcesDataTest" time="0.0" classname="com.TestCases.E2MAppTestCases">
    <skipped/>
  </testcase> <!-- resourcesDataTest -->
  <testcase name="locationAndTimingTest" time="0.0" classname="com.TestCases.E2MAppTestCases">
    <skipped/>
  </testcase> <!-- locationAndTimingTest -->
  <testcase name="useFulInfoTest" time="0.0" classname="com.TestCases.E2MAppTestCases">
    <skipped/>
  </testcase> <!-- useFulInfoTest -->
  <testcase name="floorMapDetailsTest" time="0.0" classname="com.TestCases.E2MAppTestCases">
    <skipped/>
  </testcase> <!-- floorMapDetailsTest -->
  <testcase name="wayFinderTest" time="0.0" classname="com.TestCases.E2MAppTestCases">
    <skipped/>
  </testcase> <!-- wayFinderTest -->
  <testcase name="refreshDataTest" time="0.0" classname="com.TestCases.E2MAppTestCases">
    <skipped/>
  </testcase> <!-- refreshDataTest -->
  <testcase name="aboutAppTest" time="0.0" classname="com.TestCases.E2MAppTestCases">
    <skipped/>
  </testcase> <!-- aboutAppTest -->
  <testcase name="homeTest" time="0.0" classname="com.TestCases.E2MAppTestCases">
    <skipped/>
  </testcase> <!-- homeTest -->
</testsuite> <!-- Test -->
